#
# There is insufficient memory for the Java Runtime Environment to continue.
# Native memory allocation (mmap) failed to map 134217728 bytes for Failed to commit area from 0x0000000081a00000 to 0x0000000089a00000 of length 134217728.
# Possible reasons:
#   The system is out of physical RAM or swap space
#   The process is running with CompressedOops enabled, and the Java Heap may be blocking the growth of the native heap
# Possible solutions:
#   Reduce memory load on the system
#   Increase physical memory or swap space
#   Check if swap backing store is full
#   Decrease Java heap size (-Xmx/-Xms)
#   Decrease number of Java threads
#   Decrease Java thread stack sizes (-Xss)
#   Set larger code cache with -XX:ReservedCodeCacheSize=
# This output file may be truncated or incomplete.
#
#  Out of Memory Error (t:/workspace/open/src/hotspot/os/windows/os_windows.cpp:3275), pid=27848, tid=26308
#
# JRE version:  (11.0.4+10) (build )
# Java VM: Java HotSpot(TM) 64-Bit Server VM (11.0.4+10-LTS, mixed mode, aot, sharing, tiered, compressed oops, g1 gc, windows-amd64)
# No core dump will be written. Minidumps are not enabled by default on client versions of Windows
#

---------------  S U M M A R Y ------------

Command Line: -Dmaven.multiModuleProjectDirectory=F:\bin1018\bysj\hbnu\parents -Dmaven.home=D:\apache-maven-3.5.2 -Dclassworlds.conf=D:\apache-maven-3.5.2\bin\m2.conf -javaagent:C:\Program Files\JetBrains\IntelliJ IDEA 2019.1.3\lib\idea_rt.jar=49404:C:\Program Files\JetBrains\IntelliJ IDEA 2019.1.3\bin -Dfile.encoding=UTF-8 org.codehaus.classworlds.Launcher -Didea.version2019.1.3 -s D:\apache-maven-3.5.2\conf\123.xml clean

Host: Intel(R) Core(TM) i5-6300HQ CPU @ 2.30GHz, 4 cores, 7G,  Windows 10 , 64 bit Build 18362 (10.0.18362.329)
Time: Tue Feb  4 11:12:14 2020 ?D1¨²¡À¨º¡Á?¨º¡À?? elapsed time: 0 seconds (0d 0h 0m 0s)

---------------  T H R E A D  ---------------

Current thread (0x000001bafb90d800):  JavaThread "Unknown thread" [_thread_in_vm, id=26308, stack(0x000000439df00000,0x000000439e000000)]

Stack: [0x000000439df00000,0x000000439e000000]
Native frames: (J=compiled Java code, j=interpreted, Vv=VM code, C=native code)
V  [jvm.dll+0x635bda]
V  [jvm.dll+0x77360f]
V  [jvm.dll+0x774cba]
V  [jvm.dll+0x775373]
V  [jvm.dll+0x25e668]
V  [jvm.dll+0x63306a]
V  [jvm.dll+0x627ab5]
V  [jvm.dll+0x314f8c]
V  [jvm.dll+0x314e12]
V  [jvm.dll+0x31a676]
V  [jvm.dll+0x36676f]
V  [jvm.dll+0x366190]
V  [jvm.dll+0x2f1b18]
V  [jvm.dll+0x2f2c86]
V  [jvm.dll+0x74c777]
V  [jvm.dll+0x74debf]
V  [jvm.dll+0x3735a9]
V  [jvm.dll+0x732e09]
V  [jvm.dll+0x3e2c0d]
V  [jvm.dll+0x3e4ee1]
C  [java.exe+0x3607]
C  [java.exe+0x178dc]
C  [KERNEL32.DLL+0x17bd4]
C  [ntdll.dll+0x6ced1]


---------------  P R O C E S S  ---------------

Threads class SMR info:
_java_thread_list=0x000001baf96e6f00, length=0, elements={
}

Java Threads: ( => current thread )

Other Threads:
  0x000001bafb923800 GCTaskThread "GC Thread#0" [stack: 0x000000439e000000,0x000000439e100000] [id=20548]
  0x000001bafb952800 ConcurrentGCThread "G1 Main Marker" [stack: 0x000000439e100000,0x000000439e200000] [id=7936]
  0x000001bafb954000 ConcurrentGCThread "G1 Conc#0" [stack: 0x000000439e200000,0x000000439e300000] [id=28044]

[error occurred during error reporting (printing all threads), id 0xc0000005, EXCEPTION_ACCESS_VIOLATION (0xc0000005) at pc=0x00007ff8308903e7]

VM state:not at safepoint (not fully initialized)

VM Mutex/Monitor currently owned by a thread:  ([mutex/lock_event])
[0x000001bafb909990] Heap_lock - owner thread: 0x000001bafb90d800

Heap address: 0x0000000081a00000, size: 2022 MB, Compressed Oops mode: Non-zero based: 0x0000000081a00000
Narrow klass base: 0x0000000000000000, Narrow klass shift: 0

GC Heap History (0 events):
No events

Deoptimization events (0 events):
No events

Classes redefined (0 events):
No events

Internal exceptions (0 events):
No events

Events (0 events):
No events


Dynamic libraries:
0x00007ff69db30000 - 0x00007ff69db77000 	C:\Program Files\Java\jdk-11.0.4\bin\java.exe
0x00007ff87b900000 - 0x00007ff87baf0000 	C:\WINDOWS\SYSTEM32\ntdll.dll
0x00007ff8799b0000 - 0x00007ff879a62000 	C:\WINDOWS\System32\KERNEL32.DLL
0x00007ff879550000 - 0x00007ff8797f3000 	C:\WINDOWS\System32\KERNELBASE.dll
0x00007ff87a840000 - 0x00007ff87a8e3000 	C:\WINDOWS\System32\ADVAPI32.dll
0x00007ff87b7c0000 - 0x00007ff87b85e000 	C:\WINDOWS\System32\msvcrt.dll
0x00007ff879db0000 - 0x00007ff879e47000 	C:\WINDOWS\System32\sechost.dll
0x00007ff879c90000 - 0x00007ff879db0000 	C:\WINDOWS\System32\RPCRT4.dll
0x00007ff87a6a0000 - 0x00007ff87a834000 	C:\WINDOWS\System32\USER32.dll
0x00007ff879250000 - 0x00007ff879271000 	C:\WINDOWS\System32\win32u.dll
0x00007ff879bf0000 - 0x00007ff879c16000 	C:\WINDOWS\System32\GDI32.dll
0x00007ff878890000 - 0x00007ff878a24000 	C:\WINDOWS\System32\gdi32full.dll
0x00007ff8791b0000 - 0x00007ff87924e000 	C:\WINDOWS\System32\msvcp_win.dll
0x00007ff8798b0000 - 0x00007ff8799aa000 	C:\WINDOWS\System32\ucrtbase.dll
0x00007ff868170000 - 0x00007ff8683f5000 	C:\WINDOWS\WinSxS\amd64_microsoft.windows.common-controls_6595b64144ccf1df_6.0.18362.592_none_e6c0b1911312be02\COMCTL32.dll
0x00007ff87a8f0000 - 0x00007ff87ac26000 	C:\WINDOWS\System32\combase.dll
0x00007ff8794d0000 - 0x00007ff879550000 	C:\WINDOWS\System32\bcryptPrimitives.dll
0x00007ff86fd90000 - 0x00007ff86fd9a000 	C:\WINDOWS\SYSTEM32\VERSION.dll
0x00007ff879b40000 - 0x00007ff879b6e000 	C:\WINDOWS\System32\IMM32.DLL
0x00007ff871d40000 - 0x00007ff871d56000 	C:\Program Files\Java\jdk-11.0.4\bin\vcruntime140.dll
0x00007ff858d80000 - 0x00007ff858e2a000 	C:\Program Files\Java\jdk-11.0.4\bin\msvcp140.dll
0x00007ff830590000 - 0x00007ff8310b7000 	C:\Program Files\Java\jdk-11.0.4\bin\server\jvm.dll
0x00007ff87a420000 - 0x00007ff87a428000 	C:\WINDOWS\System32\PSAPI.DLL
0x00007ff8772e0000 - 0x00007ff8772e9000 	C:\WINDOWS\SYSTEM32\WSOCK32.dll
0x00007ff87ac30000 - 0x00007ff87ac9f000 	C:\WINDOWS\System32\WS2_32.dll
0x00007ff871670000 - 0x00007ff871694000 	C:\WINDOWS\SYSTEM32\WINMM.dll
0x00007ff871640000 - 0x00007ff87166d000 	C:\WINDOWS\SYSTEM32\winmmbase.dll
0x00007ff879460000 - 0x00007ff8794aa000 	C:\WINDOWS\System32\cfgmgr32.dll
0x00007ff878850000 - 0x00007ff878861000 	C:\WINDOWS\System32\kernel.appcore.dll
0x00007ff871700000 - 0x00007ff871711000 	C:\Program Files\Java\jdk-11.0.4\bin\verify.dll
0x00007ff8770b0000 - 0x00007ff8772a4000 	C:\WINDOWS\SYSTEM32\DBGHELP.DLL
0x00007ff862600000 - 0x00007ff86262a000 	C:\WINDOWS\SYSTEM32\dbgcore.DLL
0x00007ff866730000 - 0x00007ff866759000 	C:\Program Files\Java\jdk-11.0.4\bin\java.dll
0x00007ff8588d0000 - 0x00007ff8588ff000 	C:\Program Files\Java\jdk-11.0.4\bin\instrument.dll
0x00007ff86dae0000 - 0x00007ff86daf6000 	C:\Program Files\Java\jdk-11.0.4\bin\zip.dll
0x00007ff874820000 - 0x00007ff87482a000 	C:\Program Files\Java\jdk-11.0.4\bin\jimage.dll

dbghelp: loaded successfully - version: 4.0.5 - missing functions: none
symbol engine: initialized successfully - sym options: 0x614 - pdb path: .;C:\Program Files\Java\jdk-11.0.4\bin;C:\WINDOWS\SYSTEM32;C:\WINDOWS\WinSxS\amd64_microsoft.windows.common-controls_6595b64144ccf1df_6.0.18362.592_none_e6c0b1911312be02;C:\Program Files\Java\jdk-11.0.4\bin\server

VM Arguments:
jvm_args: -Dmaven.multiModuleProjectDirectory=F:\bin1018\bysj\hbnu\parents -Dmaven.home=D:\apache-maven-3.5.2 -Dclassworlds.conf=D:\apache-maven-3.5.2\bin\m2.conf -javaagent:C:\Program Files\JetBrains\IntelliJ IDEA 2019.1.3\lib\idea_rt.jar=49404:C:\Program Files\JetBrains\IntelliJ IDEA 2019.1.3\bin -Dfile.encoding=UTF-8 
java_command: org.codehaus.classworlds.Launcher -Didea.version2019.1.3 -s D:\apache-maven-3.5.2\conf\123.xml clean
java_class_path (initial): D:\apache-maven-3.5.2\boot\plexus-classworlds-2.5.2.jar
Launcher Type: SUN_STANDARD

[Global flags]
     intx CICompilerCount                          = 3                                         {product} {ergonomic}
     uint ConcGCThreads                            = 1                                         {product} {ergonomic}
     uint G1ConcRefinementThreads                  = 4                                         {product} {ergonomic}
   size_t G1HeapRegionSize                         = 1048576                                   {product} {ergonomic}
    uintx GCDrainStackTargetSize                   = 64                                        {product} {ergonomic}
   size_t InitialHeapSize                          = 134217728                                 {product} {ergonomic}
   size_t MarkStackSize                            = 4194304                                   {product} {ergonomic}
   size_t MaxHeapSize                              = 2120220672                                {product} {ergonomic}
   size_t MinHeapDeltaBytes                        = 1048576                                   {product} {ergonomic}
    uintx NonNMethodCodeHeapSize                   = 5830092                                {pd product} {ergonomic}
    uintx NonProfiledCodeHeapSize                  = 122914074                              {pd product} {ergonomic}
    uintx ProfiledCodeHeapSize                     = 122914074                              {pd product} {ergonomic}
    uintx ReservedCodeCacheSize                    = 251658240                              {pd product} {ergonomic}
     bool SegmentedCodeCache                       = true                                      {product} {ergonomic}
     bool UseCompressedClassPointers               = true                                 {lp64_product} {ergonomic}
     bool UseCompressedOops                        = true                                 {lp64_product} {ergonomic}
     bool UseG1GC                                  = true                                      {product} {ergonomic}
     bool UseLargePagesIndividualAllocation        = false                                  {pd product} {ergonomic}

Logging:
Log output configuration:
 #0: stdout all=warning uptime,level,tags
 #1: stderr all=off uptime,level,tags

Environment Variables:
JAVA_HOME=C:\Program Files\Java\jdk-11.0.4
CLASSPATH=.;C:\Program Files\Java\jdk-11.0.4\lib;C:\Program Files\Java\jdk-11.0.4\lib\dt.jar;C:\Program Files\Java\jdk-11.0.4\lib\tools.jar
PATH=E:\Program Files (x86)\NetSarang\Xftp 6\;"C:\Program Files\Java\jdk-11.0.4\bin;C:\Program Files\Java\jdk-11.0.4\jre\bin;C:\Program Files (x86)\Intel\iCLS Client\;C:\Program Files\Intel\iCLS Client\;C:\windows\system32;C:\windows;C:\windows\System32\Wbem;C:\windows\System32\WindowsPowerShell\v1.0\;C:\Program Files (x86)\Intel\Intel(R) Management Engine Components\DAL;C:\Progra";C:\Program Files\Git\cmd;E:\Program Files\nodejs\;C:\Users\24707\AppData\Local\Microsoft\WindowsApps;D:\apache-maven-3.5.2\bin;C:\Users\24707\AppData\Roaming\npm
USERNAME=24707
OS=Windows_NT
PROCESSOR_IDENTIFIER=Intel64 Family 6 Model 94 Stepping 3, GenuineIntel



---------------  S Y S T E M  ---------------

OS: Windows 10 , 64 bit Build 18362 (10.0.18362.329)

CPU:total 4 (initial active 4) (4 cores per cpu, 1 threads per core) family 6 model 94 stepping 3, cmov, cx8, fxsr, mmx, sse, sse2, sse3, ssse3, sse4.1, sse4.2, popcnt, avx, avx2, aes, clmul, erms, rtm, 3dnowpref, lzcnt, tsc, tscinvbit, bmi1, bmi2, adx, fma

Memory: 4k page, system-wide physical 8081M (648M free)
TotalPageFile size 14225M (AvailPageFile size 17M)
current process WorkingSet (physical memory assigned to process): 10M, peak: 10M
current process commit charge ("private bytes"): 51M, peak: 179M

vm_info: Java HotSpot(TM) 64-Bit Server VM (11.0.4+10-LTS) for windows-amd64 JRE (11.0.4+10-LTS), built on Jul  4 2019 16:28:13 by "mach5one" with MS VC++ 15.5 (VS2017)

END.
